C:\USERS\FOG\DESKTOP\2D_SPATIAL_HASHING_2\DEBUG\2D_SPATIAL_HASHING_2.EXE
C:\USERS\FOG\DESKTOP\2D_SPATIAL_HASHING_2\DEBUG\2D_SPATIAL_HASHING_2.EXE.EMBED.MANIFEST
C:\USERS\FOG\DESKTOP\2D_SPATIAL_HASHING_2\DEBUG\2D_SPATIAL_HASHING_2.EXE.EMBED.MANIFEST.RES
C:\USERS\FOG\DESKTOP\2D_SPATIAL_HASHING_2\DEBUG\2D_SPATIAL_HASHING_2.EXE.INTERMEDIATE.MANIFEST
C:\USERS\FOG\DESKTOP\2D_SPATIAL_HASHING_2\DEBUG\2D_SPATIAL_HASHING_2.ILK
C:\USERS\FOG\DESKTOP\2D_SPATIAL_HASHING_2\DEBUG\2D_SPATIAL_HASHING_2.OBJ
C:\USERS\FOG\DESKTOP\2D_SPATIAL_HASHING_2\DEBUG\2D_SPATIAL_HASHING_2.PCH
C:\USERS\FOG\DESKTOP\2D_SPATIAL_HASHING_2\DEBUG\2D_SPATIAL_HASHING_2.PDB
C:\Users\Fog\Desktop\2D_Spatial_Hashing_2\Debug\2D_Spatial_Hashing_2.write.1.tlog
C:\Users\Fog\Desktop\2D_Spatial_Hashing_2\Debug\2D_Spatial_Hashing_2_manifest.rc
C:\Users\Fog\Desktop\2D_Spatial_Hashing_2\Debug\cl.command.1.tlog
C:\Users\Fog\Desktop\2D_Spatial_Hashing_2\Debug\CL.read.1.tlog
C:\Users\Fog\Desktop\2D_Spatial_Hashing_2\Debug\CL.write.1.tlog
C:\USERS\FOG\DESKTOP\2D_SPATIAL_HASHING_2\DEBUG\CUSTOMSPRITE.OBJ
C:\Users\Fog\Desktop\2D_Spatial_Hashing_2\Debug\link.5100.read.1.tlog
C:\Users\Fog\Desktop\2D_Spatial_Hashing_2\Debug\link.5100.write.1.tlog
C:\Users\Fog\Desktop\2D_Spatial_Hashing_2\Debug\link.5100-cvtres.read.1.tlog
C:\Users\Fog\Desktop\2D_Spatial_Hashing_2\Debug\link.5100-cvtres.write.1.tlog
C:\Users\Fog\Desktop\2D_Spatial_Hashing_2\Debug\link.command.1.tlog
C:\Users\Fog\Desktop\2D_Spatial_Hashing_2\Debug\link.read.1.tlog
C:\Users\Fog\Desktop\2D_Spatial_Hashing_2\Debug\link.write.1.tlog
C:\Users\Fog\Desktop\2D_Spatial_Hashing_2\Debug\link-cvtres.read.1.tlog
C:\Users\Fog\Desktop\2D_Spatial_Hashing_2\Debug\link-cvtres.write.1.tlog
C:\USERS\FOG\DESKTOP\2D_SPATIAL_HASHING_2\DEBUG\MAPMANAGER.OBJ
C:\Users\Fog\Desktop\2D_Spatial_Hashing_2\Debug\mt.command.1.tlog
C:\Users\Fog\Desktop\2D_Spatial_Hashing_2\Debug\mt.read.1.tlog
C:\Users\Fog\Desktop\2D_Spatial_Hashing_2\Debug\mt.write.1.tlog
C:\Users\Fog\Desktop\2D_Spatial_Hashing_2\Debug\rc.command.1.tlog
C:\Users\Fog\Desktop\2D_Spatial_Hashing_2\Debug\rc.read.1.tlog
C:\Users\Fog\Desktop\2D_Spatial_Hashing_2\Debug\rc.write.1.tlog
C:\USERS\FOG\DESKTOP\2D_SPATIAL_HASHING_2\DEBUG\SPRITEDEMO.OBJ
C:\USERS\FOG\DESKTOP\2D_SPATIAL_HASHING_2\DEBUG\SPRITEMANAGER.OBJ
C:\USERS\FOG\DESKTOP\2D_SPATIAL_HASHING_2\DEBUG\STDAFX.OBJ
C:\Users\Fog\Desktop\2D_Spatial_Hashing_2\Debug\vc100.idb
C:\USERS\FOG\DESKTOP\2D_SPATIAL_HASHING_2\DEBUG\VC100.PDB
