Build started 04/12/2013 13:53:16.
     1>Project "C:\Users\Conor Harney\Desktop\2D_Spatial_Hashing_2\2D_Spatial_Hashing_2.vcxproj" on node 2 (Build target(s)).
     1>ClCompile:
         c:\Program Files (x86)\Microsoft Visual Studio 10.0\VC\bin\CL.exe /c /ZI /nologo /W3 /WX- /Od /Oy- /D WIN32 /D _DEBUG /D _CONSOLE /D _UNICODE /D UNICODE /Gm /EHsc /RTC1 /MDd /GS /fp:precise /Zc:wchar_t /Zc:forScope /Yu"StdAfx.h" /Fp"Debug\2D_Spatial_Hashing_2.pch" /Fo"Debug\\" /Fd"Debug\vc100.pdb" /Gd /TP /analyze- /errorReport:prompt SpriteDemo.cpp
         SpriteDemo.cpp
     1>c:\users\conor harney\desktop\2d_spatial_hashing_2\spritedemo.cpp(56): warning C4244: 'argument' : conversion from 'int' to 'float', possible loss of data
     1>c:\users\conor harney\desktop\2d_spatial_hashing_2\spritedemo.cpp(58): warning C4244: 'argument' : conversion from 'const int' to 'float', possible loss of data
     1>c:\users\conor harney\desktop\2d_spatial_hashing_2\spritedemo.cpp(58): warning C4244: 'argument' : conversion from 'int' to 'float', possible loss of data
     1>c:\users\conor harney\desktop\2d_spatial_hashing_2\spritedemo.cpp(60): warning C4244: 'argument' : conversion from 'int' to 'float', possible loss of data
     1>c:\users\conor harney\desktop\2d_spatial_hashing_2\spritedemo.cpp(62): warning C4244: 'argument' : conversion from 'int' to 'float', possible loss of data
     1>c:\users\conor harney\desktop\2d_spatial_hashing_2\spritedemo.cpp(62): warning C4244: 'argument' : conversion from 'const int' to 'float', possible loss of data
     1>c:\users\conor harney\desktop\2d_spatial_hashing_2\spritedemo.cpp(93): warning C4244: 'argument' : conversion from 'LONG' to 'float', possible loss of data
     1>c:\users\conor harney\desktop\2d_spatial_hashing_2\spritedemo.cpp(93): warning C4244: 'argument' : conversion from 'LONG' to 'float', possible loss of data
     1>c:\users\conor harney\desktop\2d_spatial_hashing_2\spritedemo.cpp(109): warning C4018: '<' : signed/unsigned mismatch
     1>c:\users\conor harney\desktop\2d_spatial_hashing_2\spritedemo.cpp(123): warning C4018: '<' : signed/unsigned mismatch
     1>c:\users\conor harney\desktop\2d_spatial_hashing_2\spritedemo.cpp(134): warning C4018: '<' : signed/unsigned mismatch
       Link:
         c:\Program Files (x86)\Microsoft Visual Studio 10.0\VC\bin\link.exe /ERRORREPORT:PROMPT /OUT:"C:\Users\Conor Harney\Desktop\2D_Spatial_Hashing_2\Debug\2D_Spatial_Hashing_2.exe" /INCREMENTAL /NOLOGO kernel32.lib user32.lib gdi32.lib winspool.lib comdlg32.lib advapi32.lib shell32.lib ole32.lib oleaut32.lib uuid.lib odbc32.lib odbccp32.lib /MANIFEST /ManifestFile:"Debug\2D_Spatial_Hashing_2.exe.intermediate.manifest" /MANIFESTUAC:"level='asInvoker' uiAccess='false'" /DEBUG /PDB:"C:\Users\Conor Harney\Desktop\2D_Spatial_Hashing_2\Debug\2D_Spatial_Hashing_2.pdb" /SUBSYSTEM:CONSOLE /TLBID:1 /DYNAMICBASE /NXCOMPAT /IMPLIB:"C:\Users\Conor Harney\Desktop\2D_Spatial_Hashing_2\Debug\2D_Spatial_Hashing_2.lib" /MACHINE:X86 Debug\2D_Spatial_Hashing_2.exe.embed.manifest.res
         Debug\2D_Spatial_Hashing_2.obj
         Debug\CustomSprite.obj
         Debug\MapManager.obj
         Debug\SpriteDemo.obj
         Debug\SpriteManager.obj
         Debug\stdafx.obj
       Manifest:
         C:\Program Files (x86)\Microsoft SDKs\Windows\v7.0A\bin\mt.exe /nologo /verbose /out:"Debug\2D_Spatial_Hashing_2.exe.embed.manifest" /manifest Debug\2D_Spatial_Hashing_2.exe.intermediate.manifest
       LinkEmbedManifest:
         2D_Spatial_Hashing_2.vcxproj -> C:\Users\Conor Harney\Desktop\2D_Spatial_Hashing_2\Debug\2D_Spatial_Hashing_2.exe
     1>Done Building Project "C:\Users\Conor Harney\Desktop\2D_Spatial_Hashing_2\2D_Spatial_Hashing_2.vcxproj" (Build target(s)).

Build succeeded.

Time Elapsed 00:00:01.99
